17:26:48.618 [main] INFO  testBase.BaseClass - **********Starting TC_0002_BookshelvesDetails************
17:26:48.626 [main] INFO  testBase.BaseClass - **********Scrolling Down to Bookshelves************
17:26:48.676 [main] INFO  testBase.BaseClass - **********scrollDown() successfully passed************
17:26:48.968 [main] INFO  testBase.BaseClass - **********Hovering to category************
17:26:49.144 [main] INFO  testBase.BaseClass - **********hoverCategory() successfully passed************
17:26:49.416 [main] INFO  testBase.BaseClass - **********Selecting Bookshelve category************
17:26:49.564 [main] INFO  testBase.BaseClass - **********bookshelveCategory() successfully passed************
17:26:49.850 [main] INFO  testBase.BaseClass - **********Hovering to price************
17:26:50.012 [main] INFO  testBase.BaseClass - **********hoverToPrice() successfully passed************
17:26:50.410 [main] INFO  testBase.BaseClass - **********Waiting for Price Slider************
17:26:50.458 [main] INFO  testBase.BaseClass - **********waitPriceSlider() successfully passed************
17:26:50.811 [main] INFO  testBase.BaseClass - **********Sliding price************
17:26:55.406 [main] INFO  testBase.BaseClass - **********Hovering to sort By************
17:26:55.601 [main] INFO  testBase.BaseClass - **********hoverSortBy() successfully passed************
17:26:56.004 [main] INFO  testBase.BaseClass - **********Selecting sorting High to low************
17:26:56.162 [main] INFO  testBase.BaseClass - **********sortAccToPrice() successfully passed************
17:26:56.568 [main] INFO  testBase.BaseClass - **********Selecting In Stock option************
17:26:56.931 [main] INFO  testBase.BaseClass - **********inStock() successfully passed************
17:26:57.404 [main] INFO  testBase.BaseClass - **********Collecting Bookshelves and Storing to Excel************
17:27:40.307 [main] INFO  testBase.BaseClass - **********Starting TC_0001_SearchBookshelve************
17:27:40.314 [main] INFO  testBase.BaseClass - **********Passing input in search Bar************
17:27:40.751 [main] INFO  testBase.BaseClass - **********sendInSearch() successfully passed************
17:27:41.281 [main] INFO  testBase.BaseClass - **********Clicking Search Button************
17:27:42.974 [main] INFO  testBase.BaseClass - **********clicksearch() successfully passed************
17:27:42.975 [main] INFO  testBase.BaseClass - **********Finished TC_0001_SearchBookshelve************
17:27:46.968 [main] INFO  testBase.BaseClass - **********Starting TC_0002_BookshelvesDetails************
17:27:46.968 [main] INFO  testBase.BaseClass - **********Scrolling Down to Bookshelves************
17:27:47.017 [main] INFO  testBase.BaseClass - **********scrollDown() successfully passed************
17:27:47.402 [main] INFO  testBase.BaseClass - **********Hovering to category************
17:27:47.602 [main] INFO  testBase.BaseClass - **********hoverCategory() successfully passed************
17:27:48.065 [main] INFO  testBase.BaseClass - **********Selecting Bookshelve category************
17:27:48.292 [main] INFO  testBase.BaseClass - **********bookshelveCategory() successfully passed************
17:27:48.744 [main] INFO  testBase.BaseClass - **********Hovering to price************
17:27:48.927 [main] INFO  testBase.BaseClass - **********hoverToPrice() successfully passed************
17:27:49.367 [main] INFO  testBase.BaseClass - **********Waiting for Price Slider************
17:27:49.592 [main] INFO  testBase.BaseClass - **********waitPriceSlider() successfully passed************
17:27:50.244 [main] INFO  testBase.BaseClass - **********Sliding price************
17:27:58.981 [main] INFO  testBase.BaseClass - **********slidePriceamount() successfully passed************
17:27:59.301 [main] INFO  testBase.BaseClass - **********Hovering to sort By************
17:27:59.468 [main] INFO  testBase.BaseClass - **********hoverSortBy() successfully passed************
17:27:59.781 [main] INFO  testBase.BaseClass - **********Selecting sorting High to low************
17:27:59.895 [main] INFO  testBase.BaseClass - **********sortAccToPrice() successfully passed************
17:28:00.210 [main] INFO  testBase.BaseClass - **********Selecting In Stock option************
17:28:00.329 [main] INFO  testBase.BaseClass - **********inStock() successfully passed************
17:28:00.594 [main] INFO  testBase.BaseClass - **********Collecting Bookshelves and Storing to Excel************
