17:25:42.513 [main] INFO  testBase.BaseClass - **********Entring Email of Customer***********
17:25:42.634 [main] INFO  testBase.BaseClass - **********enterEmailofCustomer() successfully passed***********
17:25:42.809 [main] INFO  testBase.BaseClass - **********Entering Mobile number of Customer***********
17:25:42.918 [main] INFO  testBase.BaseClass - **********enterMobileNumberofCustomer() successfully passed***********
17:25:43.098 [main] INFO  testBase.BaseClass - **********Entering Address of Customer***********
17:25:43.198 [main] INFO  testBase.BaseClass - **********enterAddressofCustomer() successfully passed***********
17:25:43.354 [main] INFO  testBase.BaseClass - **********Entering Pin code of Customer***********
17:25:43.458 [main] INFO  testBase.BaseClass - **********enterPinofCustomerPin() successfully passed***********
17:25:43.630 [main] INFO  testBase.BaseClass - **********Entering Message ***********
17:25:43.764 [main] INFO  testBase.BaseClass - **********enterMessageIfAny() successfully passed***********
17:25:44.054 [main] INFO  testBase.BaseClass - **********Clicking confirm button***********
17:25:47.200 [main] INFO  testBase.BaseClass - **********clickOnConfirmbtn() successfully passed***********
17:25:47.479 [main] INFO  testBase.BaseClass - **********Capturing Error Message***********
17:25:47.503 [main] INFO  testBase.BaseClass - **********getErrorMessage() successfully passed***********
17:25:47.779 [main] INFO  testBase.BaseClass - **********Clearing the email input box for recipient***********
17:25:47.968 [main] INFO  testBase.BaseClass - **********clearrecipientmail() successfully passed***********
17:25:48.219 [main] INFO  testBase.BaseClass - **********Entering correct mail for recipient***********
17:25:48.347 [main] INFO  testBase.BaseClass - **********enterCorrectDeatils() successfully passed***********
17:25:48.558 [main] INFO  testBase.BaseClass - **********clicking on confirm button***********
17:25:51.669 [main] INFO  testBase.BaseClass - **********clickConfirmWithcorrectEmail() successfully passed***********
17:25:52.051 [main] INFO  testBase.BaseClass - **********Verfiying form submitted successfully***********
17:25:52.094 [main] INFO  testBase.BaseClass - **********confirmDetails() successfully passed***********
17:25:52.473 [main] INFO  testBase.BaseClass - **********Starting TC_0005_ConfirmingFormDetails ************
17:25:52.473 [main] INFO  testBase.BaseClass - **********Verifying the Entered Amount***********
17:25:52.520 [main] INFO  testBase.BaseClass - **********confirmamountEnetered() successfully passed***********
17:25:52.893 [main] INFO  testBase.BaseClass - **********Verifying Recipient name***********
17:25:52.969 [main] INFO  testBase.BaseClass - **********confirmrecipientName() successfully passed***********
17:25:53.360 [main] INFO  testBase.BaseClass - **********Verifying recipient Email***********
17:25:53.424 [main] INFO  testBase.BaseClass - **********confirmrecipientEmail() successfully passed***********
17:25:53.785 [main] INFO  testBase.BaseClass - **********Verifying recipient Mobile number***********
17:25:53.845 [main] INFO  testBase.BaseClass - **********confirmrecipientMobile() successfully passed***********
17:25:54.203 [main] INFO  testBase.BaseClass - **********Verifying customer name***********
17:25:54.264 [main] INFO  testBase.BaseClass - **********confirmcustomerName() successfully passed***********
17:25:54.630 [main] INFO  testBase.BaseClass - **********Verifying customer Email***********
17:25:54.690 [main] INFO  testBase.BaseClass - **********confirmcustomerEmail() successfully passed***********
17:25:55.047 [main] INFO  testBase.BaseClass - **********Verifying customer mobile number***********
17:25:55.107 [main] INFO  testBase.BaseClass - **********confirmcustomerMobile() successfully passed***********
17:25:55.449 [main] INFO  testBase.BaseClass - **********Verifying customer city***********
17:25:55.510 [main] INFO  testBase.BaseClass - **********confirmcustomerCity()successfully passed***********
17:25:55.906 [main] INFO  testBase.BaseClass - **********Verifying customer pincode***********
17:25:55.952 [main] INFO  testBase.BaseClass - **********confirmcustomerPinCode() successfully passed***********
17:25:55.952 [main] INFO  testBase.BaseClass - **********Finished TC_0005_ConfirmingFormDetails ************
17:26:40.602 [main] INFO  testBase.BaseClass - **********Starting TC_0001_SearchBookshelve************
17:26:40.609 [main] INFO  testBase.BaseClass - **********Passing input in search Bar************
17:26:41.260 [main] INFO  testBase.BaseClass - **********sendInSearch() successfully passed************
17:26:41.896 [main] INFO  testBase.BaseClass - **********Clicking Search Button************
17:26:47.675 [main] INFO  testBase.BaseClass - **********clicksearch() successfully passed************
17:26:47.675 [main] INFO  testBase.BaseClass - **********Finished TC_0001_SearchBookshelve************
