23:26:18.357 [main] INFO  testBase.BaseClass - **********Entering Message ***********
23:26:18.734 [main] INFO  testBase.BaseClass - **********enterMessageIfAny() successfully passed***********
23:26:19.008 [main] INFO  testBase.BaseClass - **********Clicking confirm button***********
23:26:22.233 [main] INFO  testBase.BaseClass - **********clickOnConfirmbtn() successfully passed***********
23:26:23.127 [main] INFO  testBase.BaseClass - **********Capturing Error Message***********
23:26:23.214 [main] INFO  testBase.BaseClass - **********getErrorMessage() successfully passed***********
23:26:23.665 [main] INFO  testBase.BaseClass - **********Clearing the email input box for recipient***********
23:26:24.893 [main] INFO  testBase.BaseClass - **********clearrecipientmail() successfully passed***********
23:26:25.431 [main] INFO  testBase.BaseClass - **********Entering correct mail for recipient***********
23:26:25.893 [main] INFO  testBase.BaseClass - **********enterCorrectDeatils() successfully passed***********
23:26:26.209 [main] INFO  testBase.BaseClass - **********clicking on confirm button***********
23:27:49.958 [main] INFO  testBase.BaseClass - **********Starting TC_0001_SearchBookshelve************
23:27:49.967 [main] INFO  testBase.BaseClass - **********Passing input in search Bar************
23:27:51.333 [main] INFO  testBase.BaseClass - **********sendInSearch() successfully passed************
23:27:52.291 [main] INFO  testBase.BaseClass - **********Clicking Search Button************
23:27:56.250 [main] INFO  testBase.BaseClass - **********clicksearch() successfully passed************
23:27:56.251 [main] INFO  testBase.BaseClass - **********Finished TC_0001_SearchBookshelve************
23:27:58.347 [main] INFO  testBase.BaseClass - **********Starting TC_0002_BookshelvesDetails************
23:27:58.348 [main] INFO  testBase.BaseClass - **********Scrolling Down to Bookshelves************
23:27:58.442 [main] INFO  testBase.BaseClass - **********scrollDown() successfully passed************
23:27:58.990 [main] INFO  testBase.BaseClass - **********Hovering to category************
23:27:59.215 [main] INFO  testBase.BaseClass - **********hoverCategory() successfully passed************
23:27:59.656 [main] INFO  testBase.BaseClass - **********Selecting Bookshelve category************
23:27:59.898 [main] INFO  testBase.BaseClass - **********bookshelveCategory() successfully passed************
23:28:00.344 [main] INFO  testBase.BaseClass - **********Hovering to price************
23:28:00.618 [main] INFO  testBase.BaseClass - **********hoverToPrice() successfully passed************
23:28:01.343 [main] INFO  testBase.BaseClass - **********Waiting for Price Slider************
23:28:01.406 [main] INFO  testBase.BaseClass - **********waitPriceSlider() successfully passed************
23:28:01.929 [main] INFO  testBase.BaseClass - **********Sliding price************
23:28:04.883 [main] INFO  testBase.BaseClass - **********slidePriceamount() successfully passed************
23:28:05.311 [main] INFO  testBase.BaseClass - **********Hovering to sort By************
23:28:05.855 [main] INFO  testBase.BaseClass - **********hoverSortBy() successfully passed************
23:28:06.370 [main] INFO  testBase.BaseClass - **********Selecting sorting High to low************
23:28:06.622 [main] INFO  testBase.BaseClass - **********sortAccToPrice() successfully passed************
23:28:07.172 [main] INFO  testBase.BaseClass - **********Selecting In Stock option************
23:28:07.549 [main] INFO  testBase.BaseClass - **********inStock() successfully passed************
23:28:07.831 [main] INFO  testBase.BaseClass - **********Collecting Bookshelves and Storing to Excel************
23:28:12.360 [main] INFO  testBase.BaseClass - **********collectingBookShelvesList() successfully passed************
23:28:12.969 [main] INFO  testBase.BaseClass - **********Printing the Bookshelves on console************
23:28:12.969 [main] INFO  testBase.BaseClass - **********displayingBookShelves() successfully passed************
23:28:12.970 [main] INFO  testBase.BaseClass - **********Finished TC_0002_BookshelvesDetails************
23:28:13.597 [main] INFO  testBase.BaseClass - **********Starting TC_0003_LivingMenuItems************
23:28:13.598 [main] INFO  testBase.BaseClass - **********Scrolling Page Up to Living************
23:28:13.772 [main] INFO  testBase.BaseClass - **********scrollPageUp() Successfuly passed************
23:28:14.262 [main] INFO  testBase.BaseClass - *********Hovering to Living option************
23:28:14.458 [main] INFO  testBase.BaseClass - **********hoverToLiving() Successfuly passed************
23:28:15.015 [main] INFO  testBase.BaseClass - *********Waiting for Submenu to appear************
23:28:15.074 [main] INFO  testBase.BaseClass - **********waitforSubmenu() Successfuly passed************
23:28:15.494 [main] INFO  testBase.BaseClass - *********Fetching and Storing Submenu Items in Excel************
